C51 COMPILER V9.00   WDT                                                                   05/08/2012 16:12:19 PAGE 1   


C51 COMPILER V9.00, COMPILATION OF MODULE WDT
OBJECT MODULE PLACED IN .\HEX\WDT.obj
COMPILER INVOKED BY: C:\Keil\C51\bin\C51.EXE C_HAL\WDT.c LARGE OPTIMIZE(9,SIZE) BROWSE DEBUG OBJECTEXTEND PRINT(.\LST\WD
                    -T.lst) OBJECT(.\HEX\WDT.obj)

line level    source

   1          /*******************************************************************************
   2                  - Chip          : MG2450/2455
   3                  - Vendor                : RadioPulse Inc, 2007.
   4                  - Date          : 2009-02-23
   5                  - Version               : VER 1.60
   6          
   7                  [2009-02-23] VER 1.60
   8                  - ZSYS_WDT_RESET() is added.
   9                  
  10                  [2007-11-07] VER 1.50
  11                  - Initial Version       
  12          *******************************************************************************/
  13          
  14          #include "INCLUDE_TOP.h"
  15          
  16          //------------------------------------------------
  17          //-- @8MHz System Clock
  18          // Timeout = 0 : 62.5 ms
  19          // Timeout = 1 : 125 ms
  20          // Timeout = 2 : 250 ms
  21          // Timeout = 3 : 500 ms
  22          //------------------------------------------------
  23          //-- @16MHz System Clock
  24          // Timeout = 0 : 31.2 ms
  25          // Timeout = 1 : 62.5 ms
  26          // Timeout = 2 : 125 ms
  27          // Timeout = 3 : 250 ms
  28          //------------------------------------------------
  29          
  30          void ZHAL_WDT_SET(UINT8 Ena, UINT8 Timeout) 
  31          {
  32   1              UINT8   LocalPre;
  33   1      
  34   1              LocalPre = Timeout & 0x03;      
  35   1              WDT = LocalPre;
  36   1              
  37   1              WDT |= 0x10;                    // set bit[4]. WDT Write Enable
  38   1              if(Ena) WDT |= 0x08;    // set bit[3]. WDT Enable
  39   1              else            WDT &= 0xF7;    // clear bit[3]. Disable        
  40   1      }
  41          
  42          void ZHAL_WDT_RESTART() {
  43   1              WDT |= 0x04;                    // set bit[2]
  44   1      }
  45          
  46          //
  47          //      Main Timer must have this variable
  48          //
  49                  extern UINT16           WatchDogCount;
  50                  extern UINT8            WatchDogCountEnable;
  51          //
  52          void ZSYS_WDT_SET(UINT16 Timer0Period_Cnt)
  53          {
  54   1              UINT8 _ET0;
C51 COMPILER V9.00   WDT                                                                   05/08/2012 16:12:19 PAGE 2   

  55   1      
  56   1              _ET0 = ET0;
  57   1              ET0 = 0;
  58   1      
  59   1              if(Timer0Period_Cnt)            // WDT Enable
  60   1              {
  61   2                      WatchDogCount = Timer0Period_Cnt;
  62   2                      WatchDogCountEnable = 1;
  63   2                      ZHAL_WDT_SET(1, 3);
  64   2              } 
  65   1              else                            // WDT Disable
  66   1              {
  67   2                      WatchDogCountEnable = 0;
  68   2                      ZHAL_WDT_SET(0, 3);
  69   2              }
  70   1      
  71   1              ET0 = _ET0;
  72   1      }
  73          
  74          //------------------------------------------------
  75          //-- @8MHz System Clock
  76          // Timeout = 0 : 62.5 ms
  77          // Timeout = 1 : 125 ms
  78          // Timeout = 2 : 250 ms
  79          // Timeout = 3 : 500 ms
  80          //------------------------------------------------
  81          //-- @16MHz System Clock
  82          // Timeout = 0 : 31.2 ms
  83          // Timeout = 1 : 62.5 ms
  84          // Timeout = 2 : 125 ms
  85          // Timeout = 3 : 250 ms
  86          //------------------------------------------------
  87          void ZSYS_WDT_RESET(UINT8 Timeout)
  88          {
  89   1              EA = 0;
  90   1              WDT = Timeout & 0x03;
  91   1              WDT |= 0x10;    // set bit[4]. WDT Write Enable
  92   1              WDT |= 0x08;    // set bit[3]. WDT Enable
  93   1              while(1);               // Watchdog Reset
  94   1      }


MODULE INFORMATION:   STATIC OVERLAYABLE
   CODE SIZE        =     83    ----
   CONSTANT SIZE    =   ----    ----
   XDATA SIZE       =   ----    ----
   PDATA SIZE       =   ----    ----
   DATA SIZE        =   ----    ----
   IDATA SIZE       =   ----    ----
   BIT SIZE         =   ----    ----
END OF MODULE INFORMATION.


C51 COMPILATION COMPLETE.  0 WARNING(S),  0 ERROR(S)
